<?xml version="1.0" encoding="UTF-8"?>
<!-- Generated by org.testng.reporters.JUnitXMLReporter -->
<testsuite hostname="acer-pc" failures="0" tests="3" name="ProviderTest" time="22.689" errors="0" timestamp="19 Sep 2021 07:19:56 GMT">
  <testcase classname="testcases.LoginTestProvider" name="test" time="1.351"/>
  <testcase classname="testcases.LoginTestProvider" name="test" time="0.804"/>
  <testcase classname="testcases.LoginTestProvider" name="test" time="0.8"/>
</testsuite> <!-- ProviderTest -->
