<?xml version="1.0" encoding="UTF-8"?>
<!-- Generated by org.testng.reporters.JUnitXMLReporter -->
<testsuite hostname="acer-pc" ignored="0" name="ProviderTest" tests="3" failures="0" timestamp="08 Oct 2021 09:47:46 GMT" time="30.008" errors="0">
  <testcase name="test" time="3.578" classname="testcases.LoginTestProvider"/>
  <testcase name="test" time="0.617" classname="testcases.LoginTestProvider"/>
  <testcase name="test" time="0.591" classname="testcases.LoginTestProvider"/>
</testsuite> <!-- ProviderTest -->
