<?xml version="1.0" encoding="UTF-8"?>
<testsuite xmlns:xsi="http://www.w3.org/2001/XMLSchema-instance" xsi:noNamespaceSchemaLocation="https://maven.apache.org/surefire/maven-surefire-plugin/xsd/surefire-test-report-3.0.xsd" version="3.0" name="TestSuite" time="37.992" tests="8" errors="0" skipped="4" failures="1">
  <properties>
[...]
</properties>
  <testcase name="beforeTest" classname="testcases.LoginTestSeeker" time="6.491">
    <failure message="session not created: This version of ChromeDriver only supports Chrome version 92&#10;Current browser version is 94.0.4606.71 with binary path C:\Users\acer\AppData\Local\Google\Chrome\Application\chrome.exe&#10;Build info: version: &apos;3.141.59&apos;, revision: &apos;e82be7d358&apos;, time: &apos;2018-11-14T08:17:03&apos;&#10;System info: host: &apos;ACER-PC&apos;, ip: &apos;192.168.18.32&apos;, os.name: &apos;Windows 8.1&apos;, os.arch: &apos;amd64&apos;, os.version: &apos;6.3&apos;, java.version: &apos;1.8.0_102&apos;&#10;Driver info: driver.version: ChromeDriver&#10;remote stacktrace: Backtrace:&#10;	Ordinal0 [0x00E12A33+2501171]&#10;	Ordinal0 [0x00DAD1C1+2085313]&#10;	Ordinal0 [0x00CB1FA8+1056680]&#10;	Ordinal0 [0x00CD020A+1180170]&#10;	Ordinal0 [0x00CCC125+1163557]&#10;	Ordinal0 [0x00CC997F+1153407]&#10;	Ordinal0 [0x00CF999F+1350047]&#10;	Ordinal0 [0x00CF960A+1349130]&#10;	Ordinal0 [0x00CF551B+1332507]&#10;	Ordinal0 [0x00CD1D74+1187188]&#10;	Ordinal0 [0x00CD2BD9+1190873]&#10;	GetHandleVerifier [0x00F8EFE6+1504438]&#10;	GetHandleVerifier [0x0103DDA5+2220661]&#10;	GetHandleVerifier [0x00E95589+481881]&#10;	GetHandleVerifier [0x00E94639+477961]&#10;	Ordinal0 [0x00DB28BD+2107581]&#10;	Ordinal0 [0x00DB6728+2123560]&#10;	Ordinal0 [0x00DB6862+2123874]&#10;	Ordinal0 [0x00DBFA81+2161281]&#10;	BaseThreadInitThunk [0x76C47C04+36]&#10;	RtlInitializeExceptionChain [0x7767AB8F+143]&#10;	RtlInitializeExceptionChain [0x7767AB5A+90]&#10;" type="org.openqa.selenium.SessionNotCreatedException"><![CDATA[org.openqa.selenium.SessionNotCreatedException: 
session not created: This version of ChromeDriver only supports Chrome version 92
Current browser version is 94.0.4606.71 with binary path C:\Users\acer\AppData\Local\Google\Chrome\Application\chrome.exe
Build info: version: '3.141.59', revision: 'e82be7d358', time: '2018-11-14T08:17:03'
System info: host: 'ACER-PC', ip: '192.168.18.32', os.name: 'Windows 8.1', os.arch: 'amd64', os.version: '6.3', java.version: '1.8.0_102'
Driver info: driver.version: ChromeDriver
remote stacktrace: Backtrace:
	Ordinal0 [0x00E12A33+2501171]
	Ordinal0 [0x00DAD1C1+2085313]
	Ordinal0 [0x00CB1FA8+1056680]
	Ordinal0 [0x00CD020A+1180170]
	Ordinal0 [0x00CCC125+1163557]
	Ordinal0 [0x00CC997F+1153407]
	Ordinal0 [0x00CF999F+1350047]
	Ordinal0 [0x00CF960A+1349130]
	Ordinal0 [0x00CF551B+1332507]
	Ordinal0 [0x00CD1D74+1187188]
	Ordinal0 [0x00CD2BD9+1190873]
	GetHandleVerifier [0x00F8EFE6+1504438]
	GetHandleVerifier [0x0103DDA5+2220661]
	GetHandleVerifier [0x00E95589+481881]
	GetHandleVerifier [0x00E94639+477961]
	Ordinal0 [0x00DB28BD+2107581]
	Ordinal0 [0x00DB6728+2123560]
	Ordinal0 [0x00DB6862+2123874]
	Ordinal0 [0x00DBFA81+2161281]
	BaseThreadInitThunk [0x76C47C04+36]
	RtlInitializeExceptionChain [0x7767AB8F+143]
	RtlInitializeExceptionChain [0x7767AB5A+90]

]]></failure>
    <system-err><![CDATA[Starting ChromeDriver 92.0.4515.107 (87a818b10553a07434ea9e2b6dccf3cbe7895134-refs/branch-heads/4515@{#1634}) on port 48140
Only local connections are allowed.
Please see https://chromedriver.chromium.org/security-considerations for suggestions on keeping ChromeDriver safe.
ChromeDriver was started successfully.
]]></system-err>
  </testcase>
  <testcase name="test" classname="testcases.LoginTestSeeker" time="0">
    <skipped message="session not created: This version of ChromeDriver only supports Chrome version 92&#10;Current browser version is 94.0.4606.71 with binary path C:\Users\acer\AppData\Local\Google\Chrome\Application\chrome.exe&#10;Build info: version: &apos;3.141.59&apos;, revision: &apos;e82be7d358&apos;, time: &apos;2018-11-14T08:17:03&apos;&#10;System info: host: &apos;ACER-PC&apos;, ip: &apos;192.168.18.32&apos;, os.name: &apos;Windows 8.1&apos;, os.arch: &apos;amd64&apos;, os.version: &apos;6.3&apos;, java.version: &apos;1.8.0_102&apos;&#10;Driver info: driver.version: ChromeDriver&#10;remote stacktrace: Backtrace:&#10;	Ordinal0 [0x00E12A33+2501171]&#10;	Ordinal0 [0x00DAD1C1+2085313]&#10;	Ordinal0 [0x00CB1FA8+1056680]&#10;	Ordinal0 [0x00CD020A+1180170]&#10;	Ordinal0 [0x00CCC125+1163557]&#10;	Ordinal0 [0x00CC997F+1153407]&#10;	Ordinal0 [0x00CF999F+1350047]&#10;	Ordinal0 [0x00CF960A+1349130]&#10;	Ordinal0 [0x00CF551B+1332507]&#10;	Ordinal0 [0x00CD1D74+1187188]&#10;	Ordinal0 [0x00CD2BD9+1190873]&#10;	GetHandleVerifier [0x00F8EFE6+1504438]&#10;	GetHandleVerifier [0x0103DDA5+2220661]&#10;	GetHandleVerifier [0x00E95589+481881]&#10;	GetHandleVerifier [0x00E94639+477961]&#10;	Ordinal0 [0x00DB28BD+2107581]&#10;	Ordinal0 [0x00DB6728+2123560]&#10;	Ordinal0 [0x00DB6862+2123874]&#10;	Ordinal0 [0x00DBFA81+2161281]&#10;	BaseThreadInitThunk [0x76C47C04+36]&#10;	RtlInitializeExceptionChain [0x7767AB8F+143]&#10;	RtlInitializeExceptionChain [0x7767AB5A+90]&#10;"/>
    <system-out><![CDATA[connected by poi..
2 , 3
]]></system-out>
  </testcase>
  <testcase name="test" classname="testcases.LoginTestSeeker" time="0">
    <skipped message="session not created: This version of ChromeDriver only supports Chrome version 92&#10;Current browser version is 94.0.4606.71 with binary path C:\Users\acer\AppData\Local\Google\Chrome\Application\chrome.exe&#10;Build info: version: &apos;3.141.59&apos;, revision: &apos;e82be7d358&apos;, time: &apos;2018-11-14T08:17:03&apos;&#10;System info: host: &apos;ACER-PC&apos;, ip: &apos;192.168.18.32&apos;, os.name: &apos;Windows 8.1&apos;, os.arch: &apos;amd64&apos;, os.version: &apos;6.3&apos;, java.version: &apos;1.8.0_102&apos;&#10;Driver info: driver.version: ChromeDriver&#10;remote stacktrace: Backtrace:&#10;	Ordinal0 [0x00E12A33+2501171]&#10;	Ordinal0 [0x00DAD1C1+2085313]&#10;	Ordinal0 [0x00CB1FA8+1056680]&#10;	Ordinal0 [0x00CD020A+1180170]&#10;	Ordinal0 [0x00CCC125+1163557]&#10;	Ordinal0 [0x00CC997F+1153407]&#10;	Ordinal0 [0x00CF999F+1350047]&#10;	Ordinal0 [0x00CF960A+1349130]&#10;	Ordinal0 [0x00CF551B+1332507]&#10;	Ordinal0 [0x00CD1D74+1187188]&#10;	Ordinal0 [0x00CD2BD9+1190873]&#10;	GetHandleVerifier [0x00F8EFE6+1504438]&#10;	GetHandleVerifier [0x0103DDA5+2220661]&#10;	GetHandleVerifier [0x00E95589+481881]&#10;	GetHandleVerifier [0x00E94639+477961]&#10;	Ordinal0 [0x00DB28BD+2107581]&#10;	Ordinal0 [0x00DB6728+2123560]&#10;	Ordinal0 [0x00DB6862+2123874]&#10;	Ordinal0 [0x00DBFA81+2161281]&#10;	BaseThreadInitThunk [0x76C47C04+36]&#10;	RtlInitializeExceptionChain [0x7767AB8F+143]&#10;	RtlInitializeExceptionChain [0x7767AB5A+90]&#10;"/>
  </testcase>
  <testcase name="test" classname="testcases.LoginTestSeeker" time="0">
    <skipped message="session not created: This version of ChromeDriver only supports Chrome version 92&#10;Current browser version is 94.0.4606.71 with binary path C:\Users\acer\AppData\Local\Google\Chrome\Application\chrome.exe&#10;Build info: version: &apos;3.141.59&apos;, revision: &apos;e82be7d358&apos;, time: &apos;2018-11-14T08:17:03&apos;&#10;System info: host: &apos;ACER-PC&apos;, ip: &apos;192.168.18.32&apos;, os.name: &apos;Windows 8.1&apos;, os.arch: &apos;amd64&apos;, os.version: &apos;6.3&apos;, java.version: &apos;1.8.0_102&apos;&#10;Driver info: driver.version: ChromeDriver&#10;remote stacktrace: Backtrace:&#10;	Ordinal0 [0x00E12A33+2501171]&#10;	Ordinal0 [0x00DAD1C1+2085313]&#10;	Ordinal0 [0x00CB1FA8+1056680]&#10;	Ordinal0 [0x00CD020A+1180170]&#10;	Ordinal0 [0x00CCC125+1163557]&#10;	Ordinal0 [0x00CC997F+1153407]&#10;	Ordinal0 [0x00CF999F+1350047]&#10;	Ordinal0 [0x00CF960A+1349130]&#10;	Ordinal0 [0x00CF551B+1332507]&#10;	Ordinal0 [0x00CD1D74+1187188]&#10;	Ordinal0 [0x00CD2BD9+1190873]&#10;	GetHandleVerifier [0x00F8EFE6+1504438]&#10;	GetHandleVerifier [0x0103DDA5+2220661]&#10;	GetHandleVerifier [0x00E95589+481881]&#10;	GetHandleVerifier [0x00E94639+477961]&#10;	Ordinal0 [0x00DB28BD+2107581]&#10;	Ordinal0 [0x00DB6728+2123560]&#10;	Ordinal0 [0x00DB6862+2123874]&#10;	Ordinal0 [0x00DBFA81+2161281]&#10;	BaseThreadInitThunk [0x76C47C04+36]&#10;	RtlInitializeExceptionChain [0x7767AB8F+143]&#10;	RtlInitializeExceptionChain [0x7767AB5A+90]&#10;"/>
  </testcase>
  <testcase name="afterTest" classname="testcases.LoginTestSeeker" time="0">
    <skipped/>
  </testcase>
  <testcase name="test" classname="testcases.LoginTestProvider" time="3.578"/>
  <testcase name="test" classname="testcases.LoginTestProvider" time="0.613"/>
  <testcase name="test" classname="testcases.LoginTestProvider" time="0.59"/>
</testsuite>